[2026-07-01T10:34:22.020Z] Enrichment Unmatched: "Crazy About You" (2024) [TV Show] - Reason: Series not found!
[2026-07-01T10:34:23.634Z] Enrichment Unmatched: "GH dúo" (2019) [TV Show] - Reason: Series not found!
[2026-07-01T10:34:27.188Z] Enrichment Unmatched: "All Against All" (2019) [TV Show] - Reason: Series not found!
[2026-07-01T10:34:29.524Z] Enrichment Unmatched: "Dreams of Liberty" (2024) [TV Show] - Reason: Series not found!
[2026-07-01T10:34:31.041Z] Enrichment Unmatched: "Men on a Mission" (2015) [TV Show] - Reason: Series not found!
[2026-07-01T10:34:33.404Z] Enrichment Unmatched: "Ready Steady Cook South Africa" (2024) [TV Show] - Reason: Series not found!
[2026-07-01T10:34:35.322Z] Enrichment Unmatched: "The First Years" (2014) [TV Show] - Reason: Series not found!
[2026-07-01T10:34:35.616Z] Enrichment Unmatched: "TMZ Live" (2012) [TV Show] - Reason: Series not found!
[2026-07-01T10:34:36.318Z] Enrichment Unmatched: "Hallo Kroket!" (2025) [TV Show] - Reason: Series not found!
[2026-07-01T10:34:37.433Z] Enrichment Unmatched: "MasterChef Greece" (2010) [TV Show] - Reason: Series not found!
[2026-07-01T10:34:41.385Z] Enrichment Unmatched: "BANGTAN BOMB" (2013) [TV Show] - Reason: Series not found!
[2026-07-01T10:34:47.348Z] Enrichment Unmatched: "@midnight with Chris Hardwick" (2013) [TV Show] - Reason: Series not found!
[2026-07-01T11:18:07.569Z] Unmatched: "TOGEFILM - Mei Mei" (2023) [Movie] - Reason: Movie not found!
[2026-07-01T11:22:26.477Z] Unmatched: "Crazy About You" (2024) [TV Show] - Reason: Series not found!
[2026-07-01T11:44:27.329Z] Unmatched: "Dangerous Younger Cousin" (2021) [Movie] - Reason: Movie not found!
[2026-07-01T11:46:14.713Z] Unmatched: "An Unholy Affair: A Younger Man and a Busty Wife" (2017) [Movie] - Reason: Movie not found!
[2026-07-01T11:46:39.767Z] Unmatched: "TOGEFILM - Mei Mei" (2023) [Movie] - Reason: Movie not found!
[2026-07-01T13:38:17.821Z] Unmatched: "Sincheon Station Exit 3" (2020) [Movie] - Reason: Movie not found!
[2026-07-01T13:38:28.916Z] Unmatched: "Sincheon Station Exit 3" (2020) [Movie] - Reason: Movie not found!
[2026-07-02T05:20:43.359Z] Unmatched: "¡De viernes!" (2023) [TV Show] - Reason: Series not found!
[2026-07-02T05:20:45.234Z] Unmatched: "¡De viernes!" (2023) [TV Show] - Reason: Series not found!
